2024-12-20T00:03:31.619+05:30  INFO 20280 --- [CustomerProductAPI ] [RMI TCP Connection(29)-127.0.0.1] inMXBeanRegistrar$SpringApplicationAdmin : Application shutdown requested.
2024-12-20T00:03:31.694+05:30  INFO 20280 --- [CustomerProductAPI ] [RMI TCP Connection(29)-127.0.0.1] j.LocalContainerEntityManagerFactoryBean : Closing JPA EntityManagerFactory for persistence unit 'default'
2024-12-20T00:03:31.700+05:30  INFO 20280 --- [CustomerProductAPI ] [RMI TCP Connection(29)-127.0.0.1] com.zaxxer.hikari.HikariDataSource       : HikariPool-1 - Shutdown initiated...
2024-12-20T00:03:31.716+05:30  INFO 20280 --- [CustomerProductAPI ] [RMI TCP Connection(29)-127.0.0.1] com.zaxxer.hikari.HikariDataSource       : HikariPool-1 - Shutdown completed.
2024-12-20T17:52:52.964+05:30  INFO 22264 --- [CustomerProductAPI ] [main] c.e.c.CustomerProductApiApplication      : Starting CustomerProductApiApplication using Java 21.0.4 with PID 22264 (C:\Users\digim\git\repository\CustomerProductAPI\target\classes started by digim in C:\Users\digim\git\repository\CustomerProductAPI)
2024-12-20T17:52:52.965+05:30 DEBUG 22264 --- [CustomerProductAPI ] [main] c.e.c.CustomerProductApiApplication      : Running with Spring Boot v3.3.7, Spring v6.1.16
2024-12-20T17:52:52.967+05:30  INFO 22264 --- [CustomerProductAPI ] [main] c.e.c.CustomerProductApiApplication      : No active profile set, falling back to 1 default profile: "default"
2024-12-20T17:52:53.936+05:30  INFO 22264 --- [CustomerProductAPI ] [main] .s.d.r.c.RepositoryConfigurationDelegate : Bootstrapping Spring Data JPA repositories in DEFAULT mode.
2024-12-20T17:52:54.063+05:30  INFO 22264 --- [CustomerProductAPI ] [main] .s.d.r.c.RepositoryConfigurationDelegate : Finished Spring Data repository scanning in 116 ms. Found 2 JPA repository interfaces.
2024-12-20T17:52:54.715+05:30  INFO 22264 --- [CustomerProductAPI ] [main] o.s.b.w.embedded.tomcat.TomcatWebServer  : Tomcat initialized with port 9090 (http)
2024-12-20T17:52:54.740+05:30  INFO 22264 --- [CustomerProductAPI ] [main] o.apache.catalina.core.StandardService   : Starting service [Tomcat]
2024-12-20T17:52:54.740+05:30  INFO 22264 --- [CustomerProductAPI ] [main] o.apache.catalina.core.StandardEngine    : Starting Servlet engine: [Apache Tomcat/10.1.34]
2024-12-20T17:52:54.823+05:30  INFO 22264 --- [CustomerProductAPI ] [main] o.a.c.c.C.[Tomcat].[localhost].[/]       : Initializing Spring embedded WebApplicationContext
2024-12-20T17:52:54.824+05:30  INFO 22264 --- [CustomerProductAPI ] [main] w.s.c.ServletWebServerApplicationContext : Root WebApplicationContext: initialization completed in 1804 ms
2024-12-20T17:52:55.060+05:30  INFO 22264 --- [CustomerProductAPI ] [main] o.hibernate.jpa.internal.util.LogHelper  : HHH000204: Processing PersistenceUnitInfo [name: default]
2024-12-20T17:52:55.130+05:30  INFO 22264 --- [CustomerProductAPI ] [main] org.hibernate.Version                    : HHH000412: Hibernate ORM core version 6.5.3.Final
2024-12-20T17:52:55.175+05:30  INFO 22264 --- [CustomerProductAPI ] [main] o.h.c.internal.RegionFactoryInitiator    : HHH000026: Second-level cache disabled
2024-12-20T17:52:55.491+05:30  INFO 22264 --- [CustomerProductAPI ] [main] o.s.o.j.p.SpringPersistenceUnitInfo      : No LoadTimeWeaver setup: ignoring JPA class transformer
2024-12-20T17:52:55.521+05:30  INFO 22264 --- [CustomerProductAPI ] [main] com.zaxxer.hikari.HikariDataSource       : HikariPool-1 - Starting...
2024-12-20T17:52:55.704+05:30  INFO 22264 --- [CustomerProductAPI ] [main] com.zaxxer.hikari.pool.HikariPool        : HikariPool-1 - Added connection com.mysql.cj.jdbc.ConnectionImpl@5c9e8a67
2024-12-20T17:52:55.706+05:30  INFO 22264 --- [CustomerProductAPI ] [main] com.zaxxer.hikari.HikariDataSource       : HikariPool-1 - Start completed.
2024-12-20T17:52:55.774+05:30  WARN 22264 --- [CustomerProductAPI ] [main] org.hibernate.orm.deprecation            : HHH90000025: MySQLDialect does not need to be specified explicitly using 'hibernate.dialect' (remove the property setting and it will be selected by default)
2024-12-20T17:52:56.496+05:30  INFO 22264 --- [CustomerProductAPI ] [main] o.h.e.t.j.p.i.JtaPlatformInitiator       : HHH000489: No JTA platform available (set 'hibernate.transaction.jta.platform' to enable JTA platform integration)
2024-12-20T17:52:56.619+05:30  INFO 22264 --- [CustomerProductAPI ] [main] j.LocalContainerEntityManagerFactoryBean : Initialized JPA EntityManagerFactory for persistence unit 'default'
2024-12-20T17:52:56.921+05:30  WARN 22264 --- [CustomerProductAPI ] [main] JpaBaseConfiguration$JpaWebConfiguration : spring.jpa.open-in-view is enabled by default. Therefore, database queries may be performed during view rendering. Explicitly configure spring.jpa.open-in-view to disable this warning
2024-12-20T17:52:57.271+05:30  INFO 22264 --- [CustomerProductAPI ] [main] o.s.b.w.embedded.tomcat.TomcatWebServer  : Tomcat started on port 9090 (http) with context path '/'
2024-12-20T17:52:57.279+05:30  INFO 22264 --- [CustomerProductAPI ] [main] c.e.c.CustomerProductApiApplication      : Started CustomerProductApiApplication in 4.752 seconds (process running for 5.117)
2024-12-20T18:21:42.353+05:30  INFO 14444 --- [CustomerProductAPI ] [main] c.e.c.CustomerProductApiApplication      : Starting CustomerProductApiApplication using Java 21.0.4 with PID 14444 (C:\Users\digim\git\repository\CustomerProductAPI\target\classes started by digim in C:\Users\digim\git\repository\CustomerProductAPI)
2024-12-20T18:21:42.356+05:30 DEBUG 14444 --- [CustomerProductAPI ] [main] c.e.c.CustomerProductApiApplication      : Running with Spring Boot v3.3.7, Spring v6.1.16
2024-12-20T18:21:42.357+05:30  INFO 14444 --- [CustomerProductAPI ] [main] c.e.c.CustomerProductApiApplication      : No active profile set, falling back to 1 default profile: "default"
2024-12-20T18:21:43.176+05:30  INFO 14444 --- [CustomerProductAPI ] [main] .s.d.r.c.RepositoryConfigurationDelegate : Bootstrapping Spring Data JPA repositories in DEFAULT mode.
2024-12-20T18:21:43.300+05:30  INFO 14444 --- [CustomerProductAPI ] [main] .s.d.r.c.RepositoryConfigurationDelegate : Finished Spring Data repository scanning in 112 ms. Found 2 JPA repository interfaces.
2024-12-20T18:21:43.947+05:30  INFO 14444 --- [CustomerProductAPI ] [main] o.s.b.w.embedded.tomcat.TomcatWebServer  : Tomcat initialized with port 9090 (http)
2024-12-20T18:21:43.960+05:30  INFO 14444 --- [CustomerProductAPI ] [main] o.apache.catalina.core.StandardService   : Starting service [Tomcat]
2024-12-20T18:21:43.961+05:30  INFO 14444 --- [CustomerProductAPI ] [main] o.apache.catalina.core.StandardEngine    : Starting Servlet engine: [Apache Tomcat/10.1.34]
2024-12-20T18:21:44.014+05:30  INFO 14444 --- [CustomerProductAPI ] [main] o.a.c.c.C.[Tomcat].[localhost].[/]       : Initializing Spring embedded WebApplicationContext
2024-12-20T18:21:44.014+05:30  INFO 14444 --- [CustomerProductAPI ] [main] w.s.c.ServletWebServerApplicationContext : Root WebApplicationContext: initialization completed in 1593 ms
2024-12-20T18:21:44.216+05:30  INFO 14444 --- [CustomerProductAPI ] [main] o.hibernate.jpa.internal.util.LogHelper  : HHH000204: Processing PersistenceUnitInfo [name: default]
2024-12-20T18:21:44.271+05:30  INFO 14444 --- [CustomerProductAPI ] [main] org.hibernate.Version                    : HHH000412: Hibernate ORM core version 6.5.3.Final
2024-12-20T18:21:44.306+05:30  INFO 14444 --- [CustomerProductAPI ] [main] o.h.c.internal.RegionFactoryInitiator    : HHH000026: Second-level cache disabled
2024-12-20T18:21:44.590+05:30  INFO 14444 --- [CustomerProductAPI ] [main] o.s.o.j.p.SpringPersistenceUnitInfo      : No LoadTimeWeaver setup: ignoring JPA class transformer
2024-12-20T18:21:44.618+05:30  INFO 14444 --- [CustomerProductAPI ] [main] com.zaxxer.hikari.HikariDataSource       : HikariPool-1 - Starting...
2024-12-20T18:21:44.792+05:30  INFO 14444 --- [CustomerProductAPI ] [main] com.zaxxer.hikari.pool.HikariPool        : HikariPool-1 - Added connection com.mysql.cj.jdbc.ConnectionImpl@56e5c8fb
2024-12-20T18:21:44.794+05:30  INFO 14444 --- [CustomerProductAPI ] [main] com.zaxxer.hikari.HikariDataSource       : HikariPool-1 - Start completed.
2024-12-20T18:21:44.855+05:30  WARN 14444 --- [CustomerProductAPI ] [main] org.hibernate.orm.deprecation            : HHH90000025: MySQLDialect does not need to be specified explicitly using 'hibernate.dialect' (remove the property setting and it will be selected by default)
2024-12-20T18:21:45.552+05:30  INFO 14444 --- [CustomerProductAPI ] [main] o.h.e.t.j.p.i.JtaPlatformInitiator       : HHH000489: No JTA platform available (set 'hibernate.transaction.jta.platform' to enable JTA platform integration)
2024-12-20T18:21:45.668+05:30  INFO 14444 --- [CustomerProductAPI ] [main] j.LocalContainerEntityManagerFactoryBean : Initialized JPA EntityManagerFactory for persistence unit 'default'
2024-12-20T18:21:45.939+05:30  WARN 14444 --- [CustomerProductAPI ] [main] JpaBaseConfiguration$JpaWebConfiguration : spring.jpa.open-in-view is enabled by default. Therefore, database queries may be performed during view rendering. Explicitly configure spring.jpa.open-in-view to disable this warning
2024-12-20T18:21:46.372+05:30  INFO 14444 --- [CustomerProductAPI ] [main] o.s.b.w.embedded.tomcat.TomcatWebServer  : Tomcat started on port 9090 (http) with context path '/'
2024-12-20T18:21:46.383+05:30  INFO 14444 --- [CustomerProductAPI ] [main] c.e.c.CustomerProductApiApplication      : Started CustomerProductApiApplication in 4.444 seconds (process running for 4.753)
2024-12-20T18:43:11.968+05:30  INFO 26604 --- [CustomerProductAPI ] [main] c.e.c.CustomerProductApiApplication      : Starting CustomerProductApiApplication using Java 21.0.4 with PID 26604 (C:\Users\digim\git\repository\CustomerProductAPI\target\classes started by digim in C:\Users\digim\git\repository\CustomerProductAPI)
2024-12-20T18:43:11.971+05:30 DEBUG 26604 --- [CustomerProductAPI ] [main] c.e.c.CustomerProductApiApplication      : Running with Spring Boot v3.3.7, Spring v6.1.16
2024-12-20T18:43:11.972+05:30  INFO 26604 --- [CustomerProductAPI ] [main] c.e.c.CustomerProductApiApplication      : No active profile set, falling back to 1 default profile: "default"
2024-12-20T18:43:12.923+05:30  INFO 26604 --- [CustomerProductAPI ] [main] .s.d.r.c.RepositoryConfigurationDelegate : Bootstrapping Spring Data JPA repositories in DEFAULT mode.
2024-12-20T18:43:13.038+05:30  INFO 26604 --- [CustomerProductAPI ] [main] .s.d.r.c.RepositoryConfigurationDelegate : Finished Spring Data repository scanning in 108 ms. Found 2 JPA repository interfaces.
2024-12-20T18:43:13.769+05:30  INFO 26604 --- [CustomerProductAPI ] [main] o.s.b.w.embedded.tomcat.TomcatWebServer  : Tomcat initialized with port 9090 (http)
2024-12-20T18:43:13.811+05:30  INFO 26604 --- [CustomerProductAPI ] [main] o.apache.catalina.core.StandardService   : Starting service [Tomcat]
2024-12-20T18:43:13.812+05:30  INFO 26604 --- [CustomerProductAPI ] [main] o.apache.catalina.core.StandardEngine    : Starting Servlet engine: [Apache Tomcat/10.1.34]
2024-12-20T18:43:13.890+05:30  INFO 26604 --- [CustomerProductAPI ] [main] o.a.c.c.C.[Tomcat].[localhost].[/]       : Initializing Spring embedded WebApplicationContext
2024-12-20T18:43:13.891+05:30  INFO 26604 --- [CustomerProductAPI ] [main] w.s.c.ServletWebServerApplicationContext : Root WebApplicationContext: initialization completed in 1854 ms
2024-12-20T18:43:14.084+05:30  INFO 26604 --- [CustomerProductAPI ] [main] o.hibernate.jpa.internal.util.LogHelper  : HHH000204: Processing PersistenceUnitInfo [name: default]
2024-12-20T18:43:14.167+05:30  INFO 26604 --- [CustomerProductAPI ] [main] org.hibernate.Version                    : HHH000412: Hibernate ORM core version 6.5.3.Final
2024-12-20T18:43:14.210+05:30  INFO 26604 --- [CustomerProductAPI ] [main] o.h.c.internal.RegionFactoryInitiator    : HHH000026: Second-level cache disabled
2024-12-20T18:43:14.532+05:30  INFO 26604 --- [CustomerProductAPI ] [main] o.s.o.j.p.SpringPersistenceUnitInfo      : No LoadTimeWeaver setup: ignoring JPA class transformer
2024-12-20T18:43:14.570+05:30  INFO 26604 --- [CustomerProductAPI ] [main] com.zaxxer.hikari.HikariDataSource       : HikariPool-1 - Starting...
2024-12-20T18:43:14.762+05:30  INFO 26604 --- [CustomerProductAPI ] [main] com.zaxxer.hikari.pool.HikariPool        : HikariPool-1 - Added connection com.mysql.cj.jdbc.ConnectionImpl@75dd0f94
2024-12-20T18:43:14.765+05:30  INFO 26604 --- [CustomerProductAPI ] [main] com.zaxxer.hikari.HikariDataSource       : HikariPool-1 - Start completed.
2024-12-20T18:43:14.811+05:30  WARN 26604 --- [CustomerProductAPI ] [main] org.hibernate.orm.deprecation            : HHH90000025: MySQLDialect does not need to be specified explicitly using 'hibernate.dialect' (remove the property setting and it will be selected by default)
2024-12-20T18:43:15.458+05:30  INFO 26604 --- [CustomerProductAPI ] [main] o.h.e.t.j.p.i.JtaPlatformInitiator       : HHH000489: No JTA platform available (set 'hibernate.transaction.jta.platform' to enable JTA platform integration)
2024-12-20T18:43:15.545+05:30  INFO 26604 --- [CustomerProductAPI ] [main] j.LocalContainerEntityManagerFactoryBean : Initialized JPA EntityManagerFactory for persistence unit 'default'
2024-12-20T18:43:15.856+05:30  WARN 26604 --- [CustomerProductAPI ] [main] JpaBaseConfiguration$JpaWebConfiguration : spring.jpa.open-in-view is enabled by default. Therefore, database queries may be performed during view rendering. Explicitly configure spring.jpa.open-in-view to disable this warning
2024-12-20T18:43:15.895+05:30  INFO 26604 --- [CustomerProductAPI ] [main] o.s.v.b.OptionalValidatorFactoryBean     : Failed to set up a Bean Validation provider: jakarta.validation.NoProviderFoundException: Unable to create a Configuration, because no Jakarta Bean Validation provider could be found. Add a provider like Hibernate Validator (RI) to your classpath.
2024-12-20T18:43:16.845+05:30  INFO 26604 --- [CustomerProductAPI ] [main] o.s.b.w.embedded.tomcat.TomcatWebServer  : Tomcat started on port 9090 (http) with context path '/'
2024-12-20T18:43:16.854+05:30  INFO 26604 --- [CustomerProductAPI ] [main] c.e.c.CustomerProductApiApplication      : Started CustomerProductApiApplication in 5.465 seconds (process running for 5.837)
2024-12-20T18:43:37.961+05:30  INFO 26604 --- [CustomerProductAPI ] [http-nio-9090-exec-2] o.a.c.c.C.[Tomcat].[localhost].[/]       : Initializing Spring DispatcherServlet 'dispatcherServlet'
2024-12-20T18:43:37.962+05:30  INFO 26604 --- [CustomerProductAPI ] [http-nio-9090-exec-2] o.s.web.servlet.DispatcherServlet        : Initializing Servlet 'dispatcherServlet'
2024-12-20T18:43:37.963+05:30  INFO 26604 --- [CustomerProductAPI ] [http-nio-9090-exec-2] o.s.web.servlet.DispatcherServlet        : Completed initialization in 1 ms
2024-12-20T18:43:38.566+05:30  INFO 26604 --- [CustomerProductAPI ] [http-nio-9090-exec-10] o.springdoc.api.AbstractOpenApiResource  : Init duration for springdoc-openapi is: 297 ms
2024-12-20T18:47:12.986+05:30  INFO 1924 --- [CustomerProductAPI ] [main] c.e.c.CustomerProductApiApplication      : Starting CustomerProductApiApplication using Java 21.0.4 with PID 1924 (C:\Users\digim\git\repository\CustomerProductAPI\target\classes started by digim in C:\Users\digim\git\repository\CustomerProductAPI)
2024-12-20T18:47:12.988+05:30 DEBUG 1924 --- [CustomerProductAPI ] [main] c.e.c.CustomerProductApiApplication      : Running with Spring Boot v3.3.7, Spring v6.1.16
2024-12-20T18:47:12.988+05:30  INFO 1924 --- [CustomerProductAPI ] [main] c.e.c.CustomerProductApiApplication      : No active profile set, falling back to 1 default profile: "default"
2024-12-20T18:47:13.997+05:30  INFO 1924 --- [CustomerProductAPI ] [main] .s.d.r.c.RepositoryConfigurationDelegate : Bootstrapping Spring Data JPA repositories in DEFAULT mode.
2024-12-20T18:47:14.094+05:30  INFO 1924 --- [CustomerProductAPI ] [main] .s.d.r.c.RepositoryConfigurationDelegate : Finished Spring Data repository scanning in 84 ms. Found 2 JPA repository interfaces.
2024-12-20T18:47:14.846+05:30  INFO 1924 --- [CustomerProductAPI ] [main] o.s.b.w.embedded.tomcat.TomcatWebServer  : Tomcat initialized with port 9090 (http)
2024-12-20T18:47:14.858+05:30  INFO 1924 --- [CustomerProductAPI ] [main] o.apache.catalina.core.StandardService   : Starting service [Tomcat]
2024-12-20T18:47:14.860+05:30  INFO 1924 --- [CustomerProductAPI ] [main] o.apache.catalina.core.StandardEngine    : Starting Servlet engine: [Apache Tomcat/10.1.34]
2024-12-20T18:47:14.924+05:30  INFO 1924 --- [CustomerProductAPI ] [main] o.a.c.c.C.[Tomcat].[localhost].[/]       : Initializing Spring embedded WebApplicationContext
2024-12-20T18:47:14.925+05:30  INFO 1924 --- [CustomerProductAPI ] [main] w.s.c.ServletWebServerApplicationContext : Root WebApplicationContext: initialization completed in 1899 ms
2024-12-20T18:47:15.140+05:30  INFO 1924 --- [CustomerProductAPI ] [main] o.hibernate.jpa.internal.util.LogHelper  : HHH000204: Processing PersistenceUnitInfo [name: default]
2024-12-20T18:47:15.204+05:30  INFO 1924 --- [CustomerProductAPI ] [main] org.hibernate.Version                    : HHH000412: Hibernate ORM core version 6.5.3.Final
2024-12-20T18:47:15.255+05:30  INFO 1924 --- [CustomerProductAPI ] [main] o.h.c.internal.RegionFactoryInitiator    : HHH000026: Second-level cache disabled
2024-12-20T18:47:15.612+05:30  INFO 1924 --- [CustomerProductAPI ] [main] o.s.o.j.p.SpringPersistenceUnitInfo      : No LoadTimeWeaver setup: ignoring JPA class transformer
2024-12-20T18:47:15.648+05:30  INFO 1924 --- [CustomerProductAPI ] [main] com.zaxxer.hikari.HikariDataSource       : HikariPool-1 - Starting...
2024-12-20T18:47:15.856+05:30  INFO 1924 --- [CustomerProductAPI ] [main] com.zaxxer.hikari.pool.HikariPool        : HikariPool-1 - Added connection com.mysql.cj.jdbc.ConnectionImpl@6cbdd1c5
2024-12-20T18:47:15.859+05:30  INFO 1924 --- [CustomerProductAPI ] [main] com.zaxxer.hikari.HikariDataSource       : HikariPool-1 - Start completed.
2024-12-20T18:47:15.914+05:30  WARN 1924 --- [CustomerProductAPI ] [main] org.hibernate.orm.deprecation            : HHH90000025: MySQLDialect does not need to be specified explicitly using 'hibernate.dialect' (remove the property setting and it will be selected by default)
2024-12-20T18:47:16.612+05:30  INFO 1924 --- [CustomerProductAPI ] [main] o.h.e.t.j.p.i.JtaPlatformInitiator       : HHH000489: No JTA platform available (set 'hibernate.transaction.jta.platform' to enable JTA platform integration)
2024-12-20T18:47:16.689+05:30  INFO 1924 --- [CustomerProductAPI ] [main] j.LocalContainerEntityManagerFactoryBean : Initialized JPA EntityManagerFactory for persistence unit 'default'
2024-12-20T18:47:17.135+05:30  WARN 1924 --- [CustomerProductAPI ] [main] JpaBaseConfiguration$JpaWebConfiguration : spring.jpa.open-in-view is enabled by default. Therefore, database queries may be performed during view rendering. Explicitly configure spring.jpa.open-in-view to disable this warning
2024-12-20T18:47:17.189+05:30  INFO 1924 --- [CustomerProductAPI ] [main] o.s.v.b.OptionalValidatorFactoryBean     : Failed to set up a Bean Validation provider: jakarta.validation.NoProviderFoundException: Unable to create a Configuration, because no Jakarta Bean Validation provider could be found. Add a provider like Hibernate Validator (RI) to your classpath.
2024-12-20T18:47:18.248+05:30  INFO 1924 --- [CustomerProductAPI ] [main] o.s.b.w.embedded.tomcat.TomcatWebServer  : Tomcat started on port 9090 (http) with context path '/'
2024-12-20T18:47:18.258+05:30  INFO 1924 --- [CustomerProductAPI ] [main] c.e.c.CustomerProductApiApplication      : Started CustomerProductApiApplication in 5.672 seconds (process running for 6.009)
2024-12-20T18:47:28.832+05:30  INFO 1924 --- [CustomerProductAPI ] [http-nio-9090-exec-1] o.a.c.c.C.[Tomcat].[localhost].[/]       : Initializing Spring DispatcherServlet 'dispatcherServlet'
2024-12-20T18:47:28.832+05:30  INFO 1924 --- [CustomerProductAPI ] [http-nio-9090-exec-1] o.s.web.servlet.DispatcherServlet        : Initializing Servlet 'dispatcherServlet'
2024-12-20T18:47:28.834+05:30  INFO 1924 --- [CustomerProductAPI ] [http-nio-9090-exec-1] o.s.web.servlet.DispatcherServlet        : Completed initialization in 1 ms
2024-12-20T18:47:29.457+05:30  INFO 1924 --- [CustomerProductAPI ] [http-nio-9090-exec-9] o.springdoc.api.AbstractOpenApiResource  : Init duration for springdoc-openapi is: 289 ms
2024-12-20T18:48:06.308+05:30  INFO 17456 --- [CustomerProductAPI ] [main] c.e.c.CustomerProductApiApplication      : Starting CustomerProductApiApplication using Java 21.0.4 with PID 17456 (C:\Users\digim\git\repository\CustomerProductAPI\target\classes started by digim in C:\Users\digim\git\repository\CustomerProductAPI)
2024-12-20T18:48:06.309+05:30 DEBUG 17456 --- [CustomerProductAPI ] [main] c.e.c.CustomerProductApiApplication      : Running with Spring Boot v3.3.7, Spring v6.1.16
2024-12-20T18:48:06.310+05:30  INFO 17456 --- [CustomerProductAPI ] [main] c.e.c.CustomerProductApiApplication      : No active profile set, falling back to 1 default profile: "default"
2024-12-20T18:48:07.300+05:30  INFO 17456 --- [CustomerProductAPI ] [main] .s.d.r.c.RepositoryConfigurationDelegate : Bootstrapping Spring Data JPA repositories in DEFAULT mode.
2024-12-20T18:48:07.363+05:30  INFO 17456 --- [CustomerProductAPI ] [main] .s.d.r.c.RepositoryConfigurationDelegate : Finished Spring Data repository scanning in 55 ms. Found 2 JPA repository interfaces.
2024-12-20T18:48:07.985+05:30  INFO 17456 --- [CustomerProductAPI ] [main] o.s.b.w.embedded.tomcat.TomcatWebServer  : Tomcat initialized with port 8080 (http)
2024-12-20T18:48:07.997+05:30  INFO 17456 --- [CustomerProductAPI ] [main] o.apache.catalina.core.StandardService   : Starting service [Tomcat]
2024-12-20T18:48:07.998+05:30  INFO 17456 --- [CustomerProductAPI ] [main] o.apache.catalina.core.StandardEngine    : Starting Servlet engine: [Apache Tomcat/10.1.34]
2024-12-20T18:48:08.067+05:30  INFO 17456 --- [CustomerProductAPI ] [main] o.a.c.c.C.[Tomcat].[localhost].[/]       : Initializing Spring embedded WebApplicationContext
2024-12-20T18:48:08.069+05:30  INFO 17456 --- [CustomerProductAPI ] [main] w.s.c.ServletWebServerApplicationContext : Root WebApplicationContext: initialization completed in 1721 ms
2024-12-20T18:48:08.263+05:30  INFO 17456 --- [CustomerProductAPI ] [main] o.hibernate.jpa.internal.util.LogHelper  : HHH000204: Processing PersistenceUnitInfo [name: default]
2024-12-20T18:48:08.318+05:30  INFO 17456 --- [CustomerProductAPI ] [main] org.hibernate.Version                    : HHH000412: Hibernate ORM core version 6.5.3.Final
2024-12-20T18:48:08.354+05:30  INFO 17456 --- [CustomerProductAPI ] [main] o.h.c.internal.RegionFactoryInitiator    : HHH000026: Second-level cache disabled
2024-12-20T18:48:08.657+05:30  INFO 17456 --- [CustomerProductAPI ] [main] o.s.o.j.p.SpringPersistenceUnitInfo      : No LoadTimeWeaver setup: ignoring JPA class transformer
2024-12-20T18:48:08.690+05:30  INFO 17456 --- [CustomerProductAPI ] [main] com.zaxxer.hikari.HikariDataSource       : HikariPool-1 - Starting...
2024-12-20T18:48:08.873+05:30  INFO 17456 --- [CustomerProductAPI ] [main] com.zaxxer.hikari.pool.HikariPool        : HikariPool-1 - Added connection com.mysql.cj.jdbc.ConnectionImpl@3316527e
2024-12-20T18:48:08.874+05:30  INFO 17456 --- [CustomerProductAPI ] [main] com.zaxxer.hikari.HikariDataSource       : HikariPool-1 - Start completed.
2024-12-20T18:48:08.915+05:30  WARN 17456 --- [CustomerProductAPI ] [main] org.hibernate.orm.deprecation            : HHH90000025: MySQLDialect does not need to be specified explicitly using 'hibernate.dialect' (remove the property setting and it will be selected by default)
2024-12-20T18:48:09.562+05:30  INFO 17456 --- [CustomerProductAPI ] [main] o.h.e.t.j.p.i.JtaPlatformInitiator       : HHH000489: No JTA platform available (set 'hibernate.transaction.jta.platform' to enable JTA platform integration)
2024-12-20T18:48:09.626+05:30  INFO 17456 --- [CustomerProductAPI ] [main] j.LocalContainerEntityManagerFactoryBean : Initialized JPA EntityManagerFactory for persistence unit 'default'
2024-12-20T18:48:09.986+05:30  WARN 17456 --- [CustomerProductAPI ] [main] JpaBaseConfiguration$JpaWebConfiguration : spring.jpa.open-in-view is enabled by default. Therefore, database queries may be performed during view rendering. Explicitly configure spring.jpa.open-in-view to disable this warning
2024-12-20T18:48:10.034+05:30  INFO 17456 --- [CustomerProductAPI ] [main] o.s.v.b.OptionalValidatorFactoryBean     : Failed to set up a Bean Validation provider: jakarta.validation.NoProviderFoundException: Unable to create a Configuration, because no Jakarta Bean Validation provider could be found. Add a provider like Hibernate Validator (RI) to your classpath.
2024-12-20T18:48:11.083+05:30  WARN 17456 --- [CustomerProductAPI ] [main] ConfigServletWebServerApplicationContext : Exception encountered during context initialization - cancelling refresh attempt: org.springframework.context.ApplicationContextException: Failed to start bean 'webServerStartStop'
2024-12-20T18:48:11.084+05:30  INFO 17456 --- [CustomerProductAPI ] [main] j.LocalContainerEntityManagerFactoryBean : Closing JPA EntityManagerFactory for persistence unit 'default'
2024-12-20T18:48:11.086+05:30  INFO 17456 --- [CustomerProductAPI ] [main] com.zaxxer.hikari.HikariDataSource       : HikariPool-1 - Shutdown initiated...
2024-12-20T18:48:11.096+05:30  INFO 17456 --- [CustomerProductAPI ] [main] com.zaxxer.hikari.HikariDataSource       : HikariPool-1 - Shutdown completed.
2024-12-20T18:48:11.111+05:30  INFO 17456 --- [CustomerProductAPI ] [main] .s.b.a.l.ConditionEvaluationReportLogger : 

Error starting ApplicationContext. To display the condition evaluation report re-run your application with 'debug' enabled.
2024-12-20T18:48:11.130+05:30 ERROR 17456 --- [CustomerProductAPI ] [main] o.s.b.d.LoggingFailureAnalysisReporter   : 

***************************
APPLICATION FAILED TO START
***************************

Description:

Web server failed to start. Port 8080 was already in use.

Action:

Identify and stop the process that's listening on port 8080 or configure this application to listen on another port.

2024-12-20T18:48:25.921+05:30  INFO 668 --- [CustomerProductAPI ] [main] c.e.c.CustomerProductApiApplication      : Starting CustomerProductApiApplication using Java 21.0.4 with PID 668 (C:\Users\digim\git\repository\CustomerProductAPI\target\classes started by digim in C:\Users\digim\git\repository\CustomerProductAPI)
2024-12-20T18:48:25.922+05:30 DEBUG 668 --- [CustomerProductAPI ] [main] c.e.c.CustomerProductApiApplication      : Running with Spring Boot v3.3.7, Spring v6.1.16
2024-12-20T18:48:25.923+05:30  INFO 668 --- [CustomerProductAPI ] [main] c.e.c.CustomerProductApiApplication      : No active profile set, falling back to 1 default profile: "default"
2024-12-20T18:48:26.769+05:30  INFO 668 --- [CustomerProductAPI ] [main] .s.d.r.c.RepositoryConfigurationDelegate : Bootstrapping Spring Data JPA repositories in DEFAULT mode.
2024-12-20T18:48:26.842+05:30  INFO 668 --- [CustomerProductAPI ] [main] .s.d.r.c.RepositoryConfigurationDelegate : Finished Spring Data repository scanning in 63 ms. Found 2 JPA repository interfaces.
2024-12-20T18:48:27.546+05:30  INFO 668 --- [CustomerProductAPI ] [main] o.s.b.w.embedded.tomcat.TomcatWebServer  : Tomcat initialized with port 9090 (http)
2024-12-20T18:48:27.561+05:30  INFO 668 --- [CustomerProductAPI ] [main] o.apache.catalina.core.StandardService   : Starting service [Tomcat]
2024-12-20T18:48:27.561+05:30  INFO 668 --- [CustomerProductAPI ] [main] o.apache.catalina.core.StandardEngine    : Starting Servlet engine: [Apache Tomcat/10.1.34]
2024-12-20T18:48:27.641+05:30  INFO 668 --- [CustomerProductAPI ] [main] o.a.c.c.C.[Tomcat].[localhost].[/]       : Initializing Spring embedded WebApplicationContext
2024-12-20T18:48:27.642+05:30  INFO 668 --- [CustomerProductAPI ] [main] w.s.c.ServletWebServerApplicationContext : Root WebApplicationContext: initialization completed in 1680 ms
2024-12-20T18:48:27.886+05:30  INFO 668 --- [CustomerProductAPI ] [main] o.hibernate.jpa.internal.util.LogHelper  : HHH000204: Processing PersistenceUnitInfo [name: default]
2024-12-20T18:48:27.974+05:30  INFO 668 --- [CustomerProductAPI ] [main] org.hibernate.Version                    : HHH000412: Hibernate ORM core version 6.5.3.Final
2024-12-20T18:48:28.026+05:30  INFO 668 --- [CustomerProductAPI ] [main] o.h.c.internal.RegionFactoryInitiator    : HHH000026: Second-level cache disabled
2024-12-20T18:48:28.428+05:30  INFO 668 --- [CustomerProductAPI ] [main] o.s.o.j.p.SpringPersistenceUnitInfo      : No LoadTimeWeaver setup: ignoring JPA class transformer
2024-12-20T18:48:28.464+05:30  INFO 668 --- [CustomerProductAPI ] [main] com.zaxxer.hikari.HikariDataSource       : HikariPool-1 - Starting...
2024-12-20T18:48:28.655+05:30  INFO 668 --- [CustomerProductAPI ] [main] com.zaxxer.hikari.pool.HikariPool        : HikariPool-1 - Added connection com.mysql.cj.jdbc.ConnectionImpl@6cbdd1c5
2024-12-20T18:48:28.657+05:30  INFO 668 --- [CustomerProductAPI ] [main] com.zaxxer.hikari.HikariDataSource       : HikariPool-1 - Start completed.
2024-12-20T18:48:28.704+05:30  WARN 668 --- [CustomerProductAPI ] [main] org.hibernate.orm.deprecation            : HHH90000025: MySQLDialect does not need to be specified explicitly using 'hibernate.dialect' (remove the property setting and it will be selected by default)
2024-12-20T18:48:29.386+05:30  INFO 668 --- [CustomerProductAPI ] [main] o.h.e.t.j.p.i.JtaPlatformInitiator       : HHH000489: No JTA platform available (set 'hibernate.transaction.jta.platform' to enable JTA platform integration)
2024-12-20T18:48:29.460+05:30  INFO 668 --- [CustomerProductAPI ] [main] j.LocalContainerEntityManagerFactoryBean : Initialized JPA EntityManagerFactory for persistence unit 'default'
2024-12-20T18:48:29.864+05:30  WARN 668 --- [CustomerProductAPI ] [main] JpaBaseConfiguration$JpaWebConfiguration : spring.jpa.open-in-view is enabled by default. Therefore, database queries may be performed during view rendering. Explicitly configure spring.jpa.open-in-view to disable this warning
2024-12-20T18:48:29.921+05:30  INFO 668 --- [CustomerProductAPI ] [main] o.s.v.b.OptionalValidatorFactoryBean     : Failed to set up a Bean Validation provider: jakarta.validation.NoProviderFoundException: Unable to create a Configuration, because no Jakarta Bean Validation provider could be found. Add a provider like Hibernate Validator (RI) to your classpath.
2024-12-20T18:48:30.832+05:30  INFO 668 --- [CustomerProductAPI ] [main] o.s.b.w.embedded.tomcat.TomcatWebServer  : Tomcat started on port 9090 (http) with context path '/'
2024-12-20T18:48:30.841+05:30  INFO 668 --- [CustomerProductAPI ] [main] c.e.c.CustomerProductApiApplication      : Started CustomerProductApiApplication in 5.291 seconds (process running for 5.622)
2024-12-20T18:48:37.198+05:30  INFO 668 --- [CustomerProductAPI ] [http-nio-9090-exec-1] o.a.c.c.C.[Tomcat].[localhost].[/]       : Initializing Spring DispatcherServlet 'dispatcherServlet'
2024-12-20T18:48:37.199+05:30  INFO 668 --- [CustomerProductAPI ] [http-nio-9090-exec-1] o.s.web.servlet.DispatcherServlet        : Initializing Servlet 'dispatcherServlet'
2024-12-20T18:48:37.200+05:30  INFO 668 --- [CustomerProductAPI ] [http-nio-9090-exec-1] o.s.web.servlet.DispatcherServlet        : Completed initialization in 1 ms
2024-12-20T18:48:37.785+05:30  INFO 668 --- [CustomerProductAPI ] [http-nio-9090-exec-9] o.springdoc.api.AbstractOpenApiResource  : Init duration for springdoc-openapi is: 298 ms
